<?xml version="1.0" encoding="UTF-8"?>
<!-- Generated by org.testng.reporters.JUnitReportReporter -->
<testsuite skipped="0" hostname="LAPTOP-QNCNNHHL" name="RegisterTest.ContactUsTest" tests="1" failures="0" timestamp="31 Jan 2020 14:55:59 GMT" time="12.023" errors="0">
  <testcase name="verifyContactUsPage" time="12.023" classname="RegisterTest.ContactUsTest"/>
</testsuite> <!-- RegisterTest.ContactUsTest -->
