<?xml version="1.0" encoding="UTF-8"?>
<!-- Generated by org.testng.reporters.JUnitReportReporter -->
<testsuite skipped="0" hostname="LAPTOP-QNCNNHHL" name="RegisterTest.SuccessfulRegistrationTest" tests="1" failures="0" timestamp="05 Oct 2019 03:33:15 GMT" time="7.368" errors="0">
  <testcase name="VerifyRegistration" time="7.368" classname="RegisterTest.SuccessfulRegistrationTest"/>
</testsuite> <!-- RegisterTest.SuccessfulRegistrationTest -->
